1, 4545, 4575
2, 4570, 4615
3, 4610, 4650
4, 4645, 4690
5, 4685, 4725
6, 4720, 4770
7, 4765, 4805
8, 4800, 4840
9, 4835, 4890
10, 4885, 4935
11, 4930, 4975
12, 4970, 5020
13, 5015, 5065
14, 5060, 5110
15, 5105, 5155
16, 5150, 5205
17, 5200, 5250
18, 5245, 5300
19, 5295, 5350
20, 5345, 5400
21, 5395, 5450
22, 5445, 5505
23, 5500, 5560
24, 5555, 5615
25, 5610, 5665
26, 5660, 5725
27, 5720, 5780
28, 5775, 5845
29, 5840, 5900
30, 5895, 5965
31, 5960, 6030
32, 6025, 6090
33, 6085, 6155
34, 6150, 6230
35, 6225, 6290
36, 6285, 6370
37, 6365, 6435
38, 6430, 6505
39, 6500, 6590
40, 6585, 6660
41, 6655, 6740
42, 6735, 6820
43, 6815, 6900
44, 6895, 6990
45, 6985, 7075
46, 7070, 7165
47, 7160, 7250
48, 7245, 7350
49, 7345, 7445
50, 7440, 7540
51, 7535, 7590
