1,4635,4660
2,4660,4690
3,4676,4729
4,4715,4768
5,4755,4809
6,4795,4849
7,4836,4891
8,4878,4933
9,4920,4976
10,4963,5020
11,5007,5064
12,5052,5109
13,5097,5155
14,5144,5202
15,5191,5250
16,5239,5299
17,5288,5348
18,5338,5399
19,5389,5450
20,5440,5502
21,5493,5556
22,5547,5610
23,5602,5666
24,5658,5723
25,5715,5780
26,5773,5839
27,5833,5900
28,5894,5961
29,5956,6024
30,6019,6088
31,6079,6158
32,6145,6225
33,6212,6294
34,6281,6364
35,6352,6435
36,6424,6508
37,6498,6583
38,6574,6659
39,6651,6738
40,6730,6818
41,6811,6900
42,6894,6984
43,6979,7070
44,7067,7159
45,7156,7249
46,7248,7342